0 info it worked if it ends with ok
1 verbose cli [ '/usr/bin/nodejs',
1 verbose cli   '/usr/bin/npm',
1 verbose cli   'install',
1 verbose cli   '--global',
1 verbose cli   'surge' ]
2 info using npm@3.5.2
3 info using node@v4.2.6
4 silly loadCurrentTree Starting
5 silly install loadCurrentTree
6 silly install readGlobalPackageData
7 silly fetchPackageMetaData surge
8 silly fetchNamedPackageData surge
9 silly mapToRegistry name surge
10 silly mapToRegistry using default registry
11 silly mapToRegistry registry https://registry.npmjs.org/
12 silly mapToRegistry uri https://registry.npmjs.org/surge
13 verbose request uri https://registry.npmjs.org/surge
14 verbose request no auth needed
15 info attempt registry request try #1 at 2:01:54 PM
16 verbose request id 10e461928c4bd798
17 http request GET https://registry.npmjs.org/surge
18 info retry will retry, error on last attempt: Error: getaddrinfo EAI_AGAIN registry.npmjs.org:443
19 info attempt registry request try #2 at 2:02:24 PM
20 http request GET https://registry.npmjs.org/surge
21 info retry will retry, error on last attempt: Error: getaddrinfo EAI_AGAIN registry.npmjs.org:443
22 info attempt registry request try #3 at 2:03:44 PM
23 http request GET https://registry.npmjs.org/surge
24 silly fetchPackageMetaData Error: getaddrinfo EAI_AGAIN registry.npmjs.org:443
24 silly fetchPackageMetaData     at Object.exports._errnoException (util.js:870:11)
24 silly fetchPackageMetaData     at errnoException (dns.js:31:15)
24 silly fetchPackageMetaData     at GetAddrInfoReqWrap.onlookup [as oncomplete] (dns.js:77:26)
24 silly fetchPackageMetaData  error for surge { [Error: getaddrinfo EAI_AGAIN registry.npmjs.org:443]
24 silly fetchPackageMetaData   code: 'EAI_AGAIN',
24 silly fetchPackageMetaData   errno: 'EAI_AGAIN',
24 silly fetchPackageMetaData   syscall: 'getaddrinfo',
24 silly fetchPackageMetaData   hostname: 'registry.npmjs.org',
24 silly fetchPackageMetaData   host: 'registry.npmjs.org',
24 silly fetchPackageMetaData   port: 443 }
25 silly rollbackFailedOptional Starting
26 silly rollbackFailedOptional Finishing
27 silly runTopLevelLifecycles Starting
28 silly runTopLevelLifecycles Finishing
29 silly install printInstalled
30 verbose stack Error: getaddrinfo EAI_AGAIN registry.npmjs.org:443
30 verbose stack     at Object.exports._errnoException (util.js:870:11)
30 verbose stack     at errnoException (dns.js:31:15)
30 verbose stack     at GetAddrInfoReqWrap.onlookup [as oncomplete] (dns.js:77:26)
31 verbose cwd /home/bittoo/Desktop/Untitled Folder 2/cachet/cachet/Untitled Folder
32 error Linux 4.13.0-39-generic
33 error argv "/usr/bin/nodejs" "/usr/bin/npm" "install" "--global" "surge"
34 error node v4.2.6
35 error npm  v3.5.2
36 error code EAI_AGAIN
37 error errno EAI_AGAIN
38 error syscall getaddrinfo
39 error getaddrinfo EAI_AGAIN registry.npmjs.org:443
40 error If you need help, you may report this error at:
40 error     <https://github.com/npm/npm/issues>
41 verbose exit [ 1, true ]
